
> frontend@0.1.0 start
> react-scripts start

Starting the development server...

Compiled with warnings.

Warning
(150:5) autoprefixer: end value has mixed support, consider using flex-end instead

Warning
(100:3) autoprefixer: start value has mixed support, consider using flex-start instead

Warning
(133:3) autoprefixer: start value has mixed support, consider using flex-start instead

Warning
(69:3) autoprefixer: start value has mixed support, consider using flex-start instead

Warning
(102:3) autoprefixer: start value has mixed support, consider using flex-start instead

Warning
(11:5) autoprefixer: end value has mixed support, consider using flex-end instead

Warning
(131:5) autoprefixer: end value has mixed support, consider using flex-end instead

Warning
(123:3) autoprefixer: start value has mixed support, consider using flex-start instead

Warning
(131:5) autoprefixer: end value has mixed support, consider using flex-end instead

Search for the keywords to learn more about each warning.
To ignore, add // eslint-disable-next-line to the line before.

WARNING in ./src/components/Decks/DeckCard.module.css (./node_modules/css-loader/dist/cjs.js??ruleSet[1].rules[1].oneOf[6].use[1]!./node_modules/postcss-loader/dist/cjs.js??ruleSet[1].rules[1].oneOf[6].use[2]!./node_modules/source-map-loader/dist/cjs.js!./src/components/Decks/DeckCard.module.css)
Module Warning (from ./node_modules/postcss-loader/dist/cjs.js):
Warning

(150:5) autoprefixer: end value has mixed support, consider using flex-end instead

WARNING in ./src/components/Decks/Quiz/QuizDeck.module.css (./node_modules/css-loader/dist/cjs.js??ruleSet[1].rules[1].oneOf[6].use[1]!./node_modules/postcss-loader/dist/cjs.js??ruleSet[1].rules[1].oneOf[6].use[2]!./node_modules/source-map-loader/dist/cjs.js!./src/components/Decks/Quiz/QuizDeck.module.css)
Module Warning (from ./node_modules/postcss-loader/dist/cjs.js):
Warning

(100:3) autoprefixer: start value has mixed support, consider using flex-start instead

WARNING in ./src/components/Decks/Quiz/QuizDeck.module.css (./node_modules/css-loader/dist/cjs.js??ruleSet[1].rules[1].oneOf[6].use[1]!./node_modules/postcss-loader/dist/cjs.js??ruleSet[1].rules[1].oneOf[6].use[2]!./node_modules/source-map-loader/dist/cjs.js!./src/components/Decks/Quiz/QuizDeck.module.css)
Module Warning (from ./node_modules/postcss-loader/dist/cjs.js):
Warning

(133:3) autoprefixer: start value has mixed support, consider using flex-start instead

WARNING in ./src/components/Decks/Saynetes/SayneteDeck.module.css (./node_modules/css-loader/dist/cjs.js??ruleSet[1].rules[1].oneOf[6].use[1]!./node_modules/postcss-loader/dist/cjs.js??ruleSet[1].rules[1].oneOf[6].use[2]!./node_modules/source-map-loader/dist/cjs.js!./src/components/Decks/Saynetes/SayneteDeck.module.css)
Module Warning (from ./node_modules/postcss-loader/dist/cjs.js):
Warning

(69:3) autoprefixer: start value has mixed support, consider using flex-start instead

WARNING in ./src/components/Decks/Saynetes/SayneteDeck.module.css (./node_modules/css-loader/dist/cjs.js??ruleSet[1].rules[1].oneOf[6].use[1]!./node_modules/postcss-loader/dist/cjs.js??ruleSet[1].rules[1].oneOf[6].use[2]!./node_modules/source-map-loader/dist/cjs.js!./src/components/Decks/Saynetes/SayneteDeck.module.css)
Module Warning (from ./node_modules/postcss-loader/dist/cjs.js):
Warning

(102:3) autoprefixer: start value has mixed support, consider using flex-start instead

WARNING in ./src/components/Decks/Saynetes/SayneteDeckCardSynopsis.module.css (./node_modules/css-loader/dist/cjs.js??ruleSet[1].rules[1].oneOf[6].use[1]!./node_modules/postcss-loader/dist/cjs.js??ruleSet[1].rules[1].oneOf[6].use[2]!./node_modules/source-map-loader/dist/cjs.js!./src/components/Decks/Saynetes/SayneteDeckCardSynopsis.module.css)
Module Warning (from ./node_modules/postcss-loader/dist/cjs.js):
Warning

(11:5) autoprefixer: end value has mixed support, consider using flex-end instead

WARNING in ./src/components/Decks/Stories/StoryDeckCard.module.css (./node_modules/css-loader/dist/cjs.js??ruleSet[1].rules[1].oneOf[6].use[1]!./node_modules/postcss-loader/dist/cjs.js??ruleSet[1].rules[1].oneOf[6].use[2]!./node_modules/source-map-loader/dist/cjs.js!./src/components/Decks/Stories/StoryDeckCard.module.css)
Module Warning (from ./node_modules/postcss-loader/dist/cjs.js):
Warning

(131:5) autoprefixer: end value has mixed support, consider using flex-end instead

WARNING in ./src/components/Decks/Studies/StudyDeck.module.css (./node_modules/css-loader/dist/cjs.js??ruleSet[1].rules[1].oneOf[6].use[1]!./node_modules/postcss-loader/dist/cjs.js??ruleSet[1].rules[1].oneOf[6].use[2]!./node_modules/source-map-loader/dist/cjs.js!./src/components/Decks/Studies/StudyDeck.module.css)
Module Warning (from ./node_modules/postcss-loader/dist/cjs.js):
Warning

(123:3) autoprefixer: start value has mixed support, consider using flex-start instead

WARNING in ./src/components/Decks/Themes/ThemeDeckCard.module.css (./node_modules/css-loader/dist/cjs.js??ruleSet[1].rules[1].oneOf[6].use[1]!./node_modules/postcss-loader/dist/cjs.js??ruleSet[1].rules[1].oneOf[6].use[2]!./node_modules/source-map-loader/dist/cjs.js!./src/components/Decks/Themes/ThemeDeckCard.module.css)
Module Warning (from ./node_modules/postcss-loader/dist/cjs.js):
Warning

(131:5) autoprefixer: end value has mixed support, consider using flex-end instead

webpack compiled with 9 warnings
