
> frontend@0.1.0 start
> react-scripts start

(node:21269) [DEP_WEBPACK_DEV_SERVER_ON_AFTER_SETUP_MIDDLEWARE] DeprecationWarning: 'onAfterSetupMiddleware' option is deprecated. Please use the 'setupMiddlewares' option.
(Use `node --trace-deprecation ...` to show where the warning was created)
(node:21269) [DEP_WEBPACK_DEV_SERVER_ON_BEFORE_SETUP_MIDDLEWARE] DeprecationWarning: 'onBeforeSetupMiddleware' option is deprecated. Please use the 'setupMiddlewares' option.
Starting the development server...

Compiled successfully!

You can now view frontend in the browser.

  http://localhost:3000

Note that the development build is not optimized.
To create a production build, use npm run build.

webpack compiled successfully
Compiling...
Compiled with warnings.

[eslint] 
src/components/Decks/Saynetes/SayneteDeckCard.jsx
  Line 9:12:  'phrase' is assigned a value but never used  no-unused-vars

Search for the keywords to learn more about each warning.
To ignore, add // eslint-disable-next-line to the line before.

WARNING in [eslint] 
src/components/Decks/Saynetes/SayneteDeckCard.jsx
  Line 9:12:  'phrase' is assigned a value but never used  no-unused-vars

webpack compiled with 1 warning
Compiling...
Compiled with warnings.

[eslint] 
src/components/Decks/Saynetes/SayneteDeckCard.jsx
  Line 9:12:  'phrase' is assigned a value but never used  no-unused-vars

Search for the keywords to learn more about each warning.
To ignore, add // eslint-disable-next-line to the line before.

WARNING in [eslint] 
src/components/Decks/Saynetes/SayneteDeckCard.jsx
  Line 9:12:  'phrase' is assigned a value but never used  no-unused-vars

webpack compiled with 1 warning
Compiling...
Compiled with warnings.

[eslint] 
src/components/Decks/Saynetes/SayneteDeckCard.jsx
  Line 9:12:  'phrase' is assigned a value but never used  no-unused-vars

Search for the keywords to learn more about each warning.
To ignore, add // eslint-disable-next-line to the line before.

WARNING in [eslint] 
src/components/Decks/Saynetes/SayneteDeckCard.jsx
  Line 9:12:  'phrase' is assigned a value but never used  no-unused-vars

webpack compiled with 1 warning
Compiling...
Compiled with warnings.

[eslint] 
src/components/Decks/Saynetes/SayneteDeckCard.jsx
  Line 9:12:  'phrase' is assigned a value but never used  no-unused-vars

Search for the keywords to learn more about each warning.
To ignore, add // eslint-disable-next-line to the line before.

WARNING in [eslint] 
src/components/Decks/Saynetes/SayneteDeckCard.jsx
  Line 9:12:  'phrase' is assigned a value but never used  no-unused-vars

webpack compiled with 1 warning
Compiling...
Compiled with warnings.

[eslint] 
src/components/Decks/Saynetes/SayneteDeckCard.jsx
  Line 9:12:  'phrase' is assigned a value but never used  no-unused-vars

Search for the keywords to learn more about each warning.
To ignore, add // eslint-disable-next-line to the line before.

WARNING in [eslint] 
src/components/Decks/Saynetes/SayneteDeckCard.jsx
  Line 9:12:  'phrase' is assigned a value but never used  no-unused-vars

webpack compiled with 1 warning
Compiling...
Compiled with warnings.

[eslint] 
src/components/Decks/Saynetes/SayneteDeckCard.jsx
  Line 9:12:  'phrase' is assigned a value but never used  no-unused-vars

Search for the keywords to learn more about each warning.
To ignore, add // eslint-disable-next-line to the line before.

WARNING in [eslint] 
src/components/Decks/Saynetes/SayneteDeckCard.jsx
  Line 9:12:  'phrase' is assigned a value but never used  no-unused-vars

webpack compiled with 1 warning
Compiling...
Compiled with warnings.

[eslint] 
src/components/Decks/Saynetes/SayneteDeckCard.jsx
  Line 9:12:  'phrase' is assigned a value but never used  no-unused-vars

Search for the keywords to learn more about each warning.
To ignore, add // eslint-disable-next-line to the line before.

WARNING in [eslint] 
src/components/Decks/Saynetes/SayneteDeckCard.jsx
  Line 9:12:  'phrase' is assigned a value but never used  no-unused-vars

webpack compiled with 1 warning
Compiling...
Compiled with warnings.

[eslint] 
src/components/Decks/Saynetes/SayneteDeckCard.jsx
  Line 9:12:  'phrase' is assigned a value but never used  no-unused-vars

Search for the keywords to learn more about each warning.
To ignore, add // eslint-disable-next-line to the line before.

WARNING in [eslint] 
src/components/Decks/Saynetes/SayneteDeckCard.jsx
  Line 9:12:  'phrase' is assigned a value but never used  no-unused-vars

webpack compiled with 1 warning
Compiling...
Compiled with warnings.

[eslint] 
src/components/Decks/Saynetes/SayneteDeckCard.jsx
  Line 3:10:   'Popper' is defined but never used           no-unused-vars
  Line 10:12:  'phrase' is assigned a value but never used  no-unused-vars

Search for the keywords to learn more about each warning.
To ignore, add // eslint-disable-next-line to the line before.

WARNING in [eslint] 
src/components/Decks/Saynetes/SayneteDeckCard.jsx
  Line 3:10:   'Popper' is defined but never used           no-unused-vars
  Line 10:12:  'phrase' is assigned a value but never used  no-unused-vars

webpack compiled with 1 warning
Compiling...
Compiled with warnings.

[eslint] 
src/components/Decks/Saynetes/SayneteDeckCard.jsx
  Line 1:17:   'useState' is defined but never used              no-unused-vars
  Line 3:10:   'Popper' is defined but never used                no-unused-vars
  Line 10:12:  'phrase' is assigned a value but never used       no-unused-vars
  Line 14:11:  'handleClick' is assigned a value but never used  no-unused-vars
  Line 19:11:  'id' is assigned a value but never used           no-unused-vars

Search for the keywords to learn more about each warning.
To ignore, add // eslint-disable-next-line to the line before.

WARNING in [eslint] 
src/components/Decks/Saynetes/SayneteDeckCard.jsx
  Line 1:17:   'useState' is defined but never used              no-unused-vars
  Line 3:10:   'Popper' is defined but never used                no-unused-vars
  Line 10:12:  'phrase' is assigned a value but never used       no-unused-vars
  Line 14:11:  'handleClick' is assigned a value but never used  no-unused-vars
  Line 19:11:  'id' is assigned a value but never used           no-unused-vars

webpack compiled with 1 warning
Compiling...
Compiled with warnings.

[eslint] 
src/components/Decks/Saynetes/SayneteDeckCard.jsx
  Line 1:17:   'useState' is defined but never used         no-unused-vars
  Line 3:10:   'Popper' is defined but never used           no-unused-vars
  Line 10:12:  'phrase' is assigned a value but never used  no-unused-vars

Search for the keywords to learn more about each warning.
To ignore, add // eslint-disable-next-line to the line before.

WARNING in [eslint] 
src/components/Decks/Saynetes/SayneteDeckCard.jsx
  Line 1:17:   'useState' is defined but never used         no-unused-vars
  Line 3:10:   'Popper' is defined but never used           no-unused-vars
  Line 10:12:  'phrase' is assigned a value but never used  no-unused-vars

webpack compiled with 1 warning
Compiling...
Failed to compile.

Attempted import error: 'Popper' is not exported from '@mui/base/Popper' (imported as 'Popper').
WARNING in [eslint] 
src/components/Decks/Saynetes/SayneteDeckCard.jsx
  Line 1:17:   'useState' is defined but never used         no-unused-vars
  Line 10:12:  'phrase' is assigned a value but never used  no-unused-vars

ERROR in ./src/components/Decks/Saynetes/SayneteDeckCard.jsx 60:41-47
export 'Popper' (imported as 'Popper') was not found in '@mui/base/Popper' (possible exports: default, getPopperUtilityClass, popperClasses)

ERROR in [eslint] 
src/components/Decks/Saynetes/SayneteDeckCard.jsx
  Line 31:16:  'StyledPopperDiv' is not defined  react/jsx-no-undef

Search for the keywords to learn more about each error.

webpack compiled with 2 errors and 1 warning
Compiling...
Failed to compile.

Attempted import error: 'Popper' is not exported from '@mui/base/Popper' (imported as 'Popper').
WARNING in [eslint] 
src/components/Decks/Saynetes/SayneteDeckCard.jsx
  Line 1:17:   'useState' is defined but never used         no-unused-vars
  Line 10:12:  'phrase' is assigned a value but never used  no-unused-vars

ERROR in ./src/components/Decks/Saynetes/SayneteDeckCard.jsx 60:41-47
export 'Popper' (imported as 'Popper') was not found in '@mui/base/Popper' (possible exports: default, getPopperUtilityClass, popperClasses)

webpack compiled with 1 error and 1 warning
Compiling...
Failed to compile.

Attempted import error: 'Popper' is not exported from '@mui/base/Popper' (imported as 'Popper').
WARNING in [eslint] 
src/components/Decks/Saynetes/SayneteDeckCard.jsx
  Line 1:17:   'useState' is defined but never used         no-unused-vars
  Line 10:12:  'phrase' is assigned a value but never used  no-unused-vars

ERROR in ./src/components/Decks/Saynetes/SayneteDeckCard.jsx 60:41-47
export 'Popper' (imported as 'Popper') was not found in '@mui/base/Popper' (possible exports: default, getPopperUtilityClass, popperClasses)

webpack compiled with 1 error and 1 warning
Compiling...
Failed to compile.

Attempted import error: 'Popper' is not exported from '@mui/base/Popper' (imported as 'Popper').
WARNING in [eslint] 
src/components/Decks/Saynetes/SayneteDeckCard.jsx
  Line 1:17:   'useState' is defined but never used         no-unused-vars
  Line 10:12:  'phrase' is assigned a value but never used  no-unused-vars

ERROR in ./src/components/Decks/Saynetes/SayneteDeckCard.jsx 60:41-47
export 'Popper' (imported as 'Popper') was not found in '@mui/base/Popper' (possible exports: default, getPopperUtilityClass, popperClasses)

webpack compiled with 1 error and 1 warning
Compiling...
Failed to compile.

Attempted import error: 'Popper' is not exported from '@mui/material/Popper' (imported as 'Popper').
WARNING in [eslint] 
src/components/Decks/Saynetes/SayneteDeckCard.jsx
  Line 1:17:   'useState' is defined but never used         no-unused-vars
  Line 10:12:  'phrase' is assigned a value but never used  no-unused-vars

ERROR in ./src/components/Decks/Saynetes/SayneteDeckCard.jsx 60:41-47
export 'Popper' (imported as 'Popper') was not found in '@mui/material/Popper' (possible exports: default)

webpack compiled with 1 error and 1 warning
Compiling...
Compiled with warnings.

[eslint] 
src/components/Decks/Saynetes/SayneteDeckCard.jsx
  Line 1:17:   'useState' is defined but never used         no-unused-vars
  Line 10:12:  'phrase' is assigned a value but never used  no-unused-vars

Search for the keywords to learn more about each warning.
To ignore, add // eslint-disable-next-line to the line before.

WARNING in [eslint] 
src/components/Decks/Saynetes/SayneteDeckCard.jsx
  Line 1:17:   'useState' is defined but never used         no-unused-vars
  Line 10:12:  'phrase' is assigned a value but never used  no-unused-vars

webpack compiled with 1 warning
Compiling...
Compiled with warnings.

[eslint] 
src/components/Decks/Saynetes/SayneteDeckCard.jsx
  Line 1:17:   'useState' is defined but never used         no-unused-vars
  Line 10:12:  'phrase' is assigned a value but never used  no-unused-vars

Search for the keywords to learn more about each warning.
To ignore, add // eslint-disable-next-line to the line before.

WARNING in [eslint] 
src/components/Decks/Saynetes/SayneteDeckCard.jsx
  Line 1:17:   'useState' is defined but never used         no-unused-vars
  Line 10:12:  'phrase' is assigned a value but never used  no-unused-vars

webpack compiled with 1 warning
Compiling...
Compiled with warnings.

[eslint] 
src/components/Decks/Saynetes/SayneteDeckCard.jsx
  Line 1:17:   'useState' is defined but never used         no-unused-vars
  Line 3:8:    'Popper' is defined but never used           no-unused-vars
  Line 10:12:  'phrase' is assigned a value but never used  no-unused-vars

Search for the keywords to learn more about each warning.
To ignore, add // eslint-disable-next-line to the line before.

WARNING in [eslint] 
src/components/Decks/Saynetes/SayneteDeckCard.jsx
  Line 1:17:   'useState' is defined but never used         no-unused-vars
  Line 3:8:    'Popper' is defined but never used           no-unused-vars
  Line 10:12:  'phrase' is assigned a value but never used  no-unused-vars

webpack compiled with 1 warning
Compiling...
Compiled with warnings.

[eslint] 
src/components/Decks/Saynetes/SayneteDeckCard.jsx
  Line 1:17:   'useState' is defined but never used         no-unused-vars
  Line 10:12:  'phrase' is assigned a value but never used  no-unused-vars

Search for the keywords to learn more about each warning.
To ignore, add // eslint-disable-next-line to the line before.

WARNING in [eslint] 
src/components/Decks/Saynetes/SayneteDeckCard.jsx
  Line 1:17:   'useState' is defined but never used         no-unused-vars
  Line 10:12:  'phrase' is assigned a value but never used  no-unused-vars

webpack compiled with 1 warning
Compiling...
Compiled with warnings.

[eslint] 
src/components/Decks/Saynetes/SayneteDeckCard.jsx
  Line 1:17:   'useState' is defined but never used         no-unused-vars
  Line 10:12:  'phrase' is assigned a value but never used  no-unused-vars

Search for the keywords to learn more about each warning.
To ignore, add // eslint-disable-next-line to the line before.

WARNING in [eslint] 
src/components/Decks/Saynetes/SayneteDeckCard.jsx
  Line 1:17:   'useState' is defined but never used         no-unused-vars
  Line 10:12:  'phrase' is assigned a value but never used  no-unused-vars

webpack compiled with 1 warning
Compiling...
Failed to compile.

[eslint] 
src/components/Decks/Saynetes/SayneteDeckCard.jsx
  Line 43:25:  'styled' is not defined  no-undef
  Line 44:18:  'css' is not defined     no-undef
  Line 45:57:  'grey' is not defined    no-undef
  Line 47:57:  'grey' is not defined    no-undef
  Line 47:69:  'grey' is not defined    no-undef
  Line 52:46:  'grey' is not defined    no-undef
  Line 52:58:  'grey' is not defined    no-undef

Search for the keywords to learn more about each error.
WARNING in [eslint] 
src/components/Decks/Saynetes/SayneteDeckCard.jsx
  Line 1:17:   'useState' is defined but never used                  no-unused-vars
  Line 10:12:  'phrase' is assigned a value but never used           no-unused-vars
  Line 43:7:   'StyledPopperDiv' is assigned a value but never used  no-unused-vars

ERROR in [eslint] 
src/components/Decks/Saynetes/SayneteDeckCard.jsx
  Line 43:25:  'styled' is not defined  no-undef
  Line 44:18:  'css' is not defined     no-undef
  Line 45:57:  'grey' is not defined    no-undef
  Line 47:57:  'grey' is not defined    no-undef
  Line 47:69:  'grey' is not defined    no-undef
  Line 52:46:  'grey' is not defined    no-undef
  Line 52:58:  'grey' is not defined    no-undef

Search for the keywords to learn more about each error.

webpack compiled with 1 error and 1 warning
Compiling...
Failed to compile.

[eslint] 
src/components/Decks/Saynetes/SayneteDeckCard.jsx
  Line 8:25:   'styled' is not defined  no-undef
  Line 9:18:   'css' is not defined     no-undef
  Line 10:57:  'grey' is not defined    no-undef
  Line 12:57:  'grey' is not defined    no-undef
  Line 12:69:  'grey' is not defined    no-undef
  Line 17:46:  'grey' is not defined    no-undef
  Line 17:58:  'grey' is not defined    no-undef

Search for the keywords to learn more about each error.
WARNING in [eslint] 
src/components/Decks/Saynetes/SayneteDeckCard.jsx
  Line 1:17:   'useState' is defined but never used                  no-unused-vars
  Line 8:7:    'StyledPopperDiv' is assigned a value but never used  no-unused-vars
  Line 27:12:  'phrase' is assigned a value but never used           no-unused-vars

ERROR in [eslint] 
src/components/Decks/Saynetes/SayneteDeckCard.jsx
  Line 8:25:   'styled' is not defined  no-undef
  Line 9:18:   'css' is not defined     no-undef
  Line 10:57:  'grey' is not defined    no-undef
  Line 12:57:  'grey' is not defined    no-undef
  Line 12:69:  'grey' is not defined    no-undef
  Line 17:46:  'grey' is not defined    no-undef
  Line 17:58:  'grey' is not defined    no-undef

Search for the keywords to learn more about each error.

webpack compiled with 1 error and 1 warning
Compiling...
Failed to compile.

[eslint] 
src/components/Decks/Saynetes/SayneteDeckCard.jsx
  Line 21:29:  'styled' is not defined  no-undef
  Line 22:22:  'css' is not defined     no-undef
  Line 23:61:  'grey' is not defined    no-undef
  Line 25:61:  'grey' is not defined    no-undef
  Line 25:73:  'grey' is not defined    no-undef
  Line 30:50:  'grey' is not defined    no-undef
  Line 30:62:  'grey' is not defined    no-undef

Search for the keywords to learn more about each error.
WARNING in [eslint] 
src/components/Decks/Saynetes/SayneteDeckCard.jsx
  Line 1:17:   'useState' is defined but never used                  no-unused-vars
  Line 10:12:  'phrase' is assigned a value but never used           no-unused-vars
  Line 21:11:  'StyledPopperDiv' is assigned a value but never used  no-unused-vars

ERROR in [eslint] 
src/components/Decks/Saynetes/SayneteDeckCard.jsx
  Line 21:29:  'styled' is not defined  no-undef
  Line 22:22:  'css' is not defined     no-undef
  Line 23:61:  'grey' is not defined    no-undef
  Line 25:61:  'grey' is not defined    no-undef
  Line 25:73:  'grey' is not defined    no-undef
  Line 30:50:  'grey' is not defined    no-undef
  Line 30:62:  'grey' is not defined    no-undef

Search for the keywords to learn more about each error.

webpack compiled with 1 error and 1 warning
Compiling...
Failed to compile.

[eslint] 
src/components/Decks/Saynetes/SayneteDeckCard.jsx
Syntax error: Unexpected token, expected "{" (4:15) (4:15)
ERROR in ./src/components/Decks/Saynetes/SayneteDeckCard.jsx
Module build failed (from ./node_modules/babel-loader/lib/index.js):
SyntaxError: /home/gre/projects/langdeck/venv/src/frontend/src/components/Decks/Saynetes/SayneteDeckCard.jsx: Unexpected token, expected "{" (4:15)

  2 | import Parser from 'html-react-parser';
  3 | import Popper from '@mui/material/Popper';
> 4 | import styled, css from '@mui/system';
    |                ^
  5 |
  6 | import classes from "./SayneteDeck.module.css";
  7 | import CustomAudioPlayer from '../../UI/CustomAudioPlayer';
    at instantiate (/home/gre/projects/langdeck/venv/src/frontend/node_modules/@babel/parser/lib/index.js:63:32)
    at constructor (/home/gre/projects/langdeck/venv/src/frontend/node_modules/@babel/parser/lib/index.js:358:12)
    at FlowParserMixin.raise (/home/gre/projects/langdeck/venv/src/frontend/node_modules/@babel/parser/lib/index.js:3255:19)
    at FlowParserMixin.unexpected (/home/gre/projects/langdeck/venv/src/frontend/node_modules/@babel/parser/lib/index.js:3285:16)
    at FlowParserMixin.expect (/home/gre/projects/langdeck/venv/src/frontend/node_modules/@babel/parser/lib/index.js:3627:28)
    at FlowParserMixin.parseNamedImportSpecifiers (/home/gre/projects/langdeck/venv/src/frontend/node_modules/@babel/parser/lib/index.js:14283:10)
    at FlowParserMixin.parseImportSpecifiersAndAfter (/home/gre/projects/langdeck/venv/src/frontend/node_modules/@babel/parser/lib/index.js:14123:37)
    at FlowParserMixin.parseImport (/home/gre/projects/langdeck/venv/src/frontend/node_modules/@babel/parser/lib/index.js:14116:17)
    at FlowParserMixin.parseStatementContent (/home/gre/projects/langdeck/venv/src/frontend/node_modules/@babel/parser/lib/index.js:12706:27)
    at FlowParserMixin.parseStatementLike (/home/gre/projects/langdeck/venv/src/frontend/node_modules/@babel/parser/lib/index.js:12584:17)
    at FlowParserMixin.parseStatementLike (/home/gre/projects/langdeck/venv/src/frontend/node_modules/@babel/parser/lib/index.js:5130:24)
    at FlowParserMixin.parseModuleItem (/home/gre/projects/langdeck/venv/src/frontend/node_modules/@babel/parser/lib/index.js:12561:17)
    at FlowParserMixin.parseBlockOrModuleBlockBody (/home/gre/projects/langdeck/venv/src/frontend/node_modules/@babel/parser/lib/index.js:13185:36)
    at FlowParserMixin.parseBlockBody (/home/gre/projects/langdeck/venv/src/frontend/node_modules/@babel/parser/lib/index.js:13178:10)
    at FlowParserMixin.parseProgram (/home/gre/projects/langdeck/venv/src/frontend/node_modules/@babel/parser/lib/index.js:12460:10)
    at FlowParserMixin.parseTopLevel (/home/gre/projects/langdeck/venv/src/frontend/node_modules/@babel/parser/lib/index.js:12450:25)
    at FlowParserMixin.parseTopLevel (/home/gre/projects/langdeck/venv/src/frontend/node_modules/@babel/parser/lib/index.js:5935:28)
    at FlowParserMixin.parse (/home/gre/projects/langdeck/venv/src/frontend/node_modules/@babel/parser/lib/index.js:14346:10)
    at parse (/home/gre/projects/langdeck/venv/src/frontend/node_modules/@babel/parser/lib/index.js:14387:38)
    at parser (/home/gre/projects/langdeck/venv/src/frontend/node_modules/@babel/core/lib/parser/index.js:41:34)
    at parser.next (<anonymous>)
    at normalizeFile (/home/gre/projects/langdeck/venv/src/frontend/node_modules/@babel/core/lib/transformation/normalize-file.js:64:38)
    at normalizeFile.next (<anonymous>)
    at run (/home/gre/projects/langdeck/venv/src/frontend/node_modules/@babel/core/lib/transformation/index.js:21:50)
    at run.next (<anonymous>)
    at transform (/home/gre/projects/langdeck/venv/src/frontend/node_modules/@babel/core/lib/transform.js:22:41)
    at transform.next (<anonymous>)
    at step (/home/gre/projects/langdeck/venv/src/frontend/node_modules/gensync/index.js:261:32)
    at /home/gre/projects/langdeck/venv/src/frontend/node_modules/gensync/index.js:273:13
    at async.call.result.err.err (/home/gre/projects/langdeck/venv/src/frontend/node_modules/gensync/index.js:223:11)

ERROR in [eslint] 
src/components/Decks/Saynetes/SayneteDeckCard.jsx
  Line 4:15:  Parsing error: Unexpected token, expected "{" (4:15)

webpack compiled with 2 errors
Compiling...
Failed to compile.

[eslint] 
src/components/Decks/Saynetes/SayneteDeckCard.jsx
  Line 25:61:  'grey' is not defined  no-undef
  Line 27:61:  'grey' is not defined  no-undef
  Line 27:73:  'grey' is not defined  no-undef
  Line 32:50:  'grey' is not defined  no-undef
  Line 32:62:  'grey' is not defined  no-undef

Search for the keywords to learn more about each error.
WARNING in [eslint] 
src/components/Decks/Saynetes/SayneteDeckCard.jsx
  Line 1:17:   'useState' is defined but never used                  no-unused-vars
  Line 12:12:  'phrase' is assigned a value but never used           no-unused-vars
  Line 23:11:  'StyledPopperDiv' is assigned a value but never used  no-unused-vars

ERROR in [eslint] 
src/components/Decks/Saynetes/SayneteDeckCard.jsx
  Line 25:61:  'grey' is not defined  no-undef
  Line 27:61:  'grey' is not defined  no-undef
  Line 27:73:  'grey' is not defined  no-undef
  Line 32:50:  'grey' is not defined  no-undef
  Line 32:62:  'grey' is not defined  no-undef

Search for the keywords to learn more about each error.

webpack compiled with 1 error and 1 warning
Compiling...
Compiled with warnings.

[eslint] 
src/components/Decks/Saynetes/SayneteDeckCard.jsx
  Line 1:17:   'useState' is defined but never used                  no-unused-vars
  Line 12:12:  'phrase' is assigned a value but never used           no-unused-vars
  Line 23:11:  'blue' is assigned a value but never used             no-unused-vars
  Line 49:11:  'StyledPopperDiv' is assigned a value but never used  no-unused-vars

Search for the keywords to learn more about each warning.
To ignore, add // eslint-disable-next-line to the line before.

WARNING in [eslint] 
src/components/Decks/Saynetes/SayneteDeckCard.jsx
  Line 1:17:   'useState' is defined but never used                  no-unused-vars
  Line 12:12:  'phrase' is assigned a value but never used           no-unused-vars
  Line 23:11:  'blue' is assigned a value but never used             no-unused-vars
  Line 49:11:  'StyledPopperDiv' is assigned a value but never used  no-unused-vars

webpack compiled with 1 warning
Compiling...
Failed to compile.

Attempted import error: '@mui/system' does not contain a default export (imported as 'styled').
WARNING in [eslint] 
src/components/Decks/Saynetes/SayneteDeckCard.jsx
  Line 1:17:   'useState' is defined but never used                  no-unused-vars
  Line 12:12:  'phrase' is assigned a value but never used           no-unused-vars
  Line 23:11:  'blue' is assigned a value but never used             no-unused-vars
  Line 49:11:  'StyledPopperDiv' is assigned a value but never used  no-unused-vars

ERROR in ./src/components/Decks/Saynetes/SayneteDeckCard.jsx 57:26-32
export 'default' (imported as 'styled') was not found in '@mui/system' (possible exports: Box, Container, GlobalStyles, Stack, StyledEngineProvider, ThemeProvider, Unstable_Grid, alignContent, alignItems, alignSelf, alpha, backgroundColor, bgcolor, border, borderBottom, borderBottomColor, borderColor, borderLeft, borderLeftColor, borderRadius, borderRight, borderRightColor, borderTop, borderTopColor, borderTransform, borders, bottom, boxSizing, breakpoints, color, colorChannel, columnGap, compose, containerClasses, createBox, createBreakpoints, createContainer, createGrid, createSpacing, createStack, createStyled, createTheme, createUnarySpacing, createUnaryUnit, css, darken, decomposeColor, display, emphasize, experimental_sx, flex, flexBasis, flexDirection, flexGrow, flexShrink, flexWrap, flexbox, fontFamily, fontSize, fontStyle, fontWeight, gap, getContainerUtilityClass, getContrastRatio, getGridUtilityClass, getLuminance, getPath, getStackUtilityClass, getStyleFromPropValue, getStyleValue, getThemeProps, getValue, grid, gridArea, gridAutoColumns, gridAutoFlow, gridAutoRows, gridClasses, gridColumn, gridRow, gridTemplateAreas, gridTemplateColumns, gridTemplateRows, handleBreakpoints, height, hexToRgb, hslToRgb, justifyContent, justifyItems, justifySelf, keyframes, left, letterSpacing, lighten, lineHeight, margin, marginKeys, maxHeight, maxWidth, mergeBreakpointsInOrder, minHeight, minWidth, order, padding, paddingKeys, palette, paletteTransform, position, positions, private_safeAlpha, private_safeColorChannel, private_safeDarken, private_safeEmphasize, private_safeLighten, recomposeColor, responsivePropType, rgbToHex, right, rowGap, shadows, shape, shouldForwardProp, sizeHeight, sizeWidth, sizing, sizingTransform, spacing, stackClasses, style, styled, systemDefaultTheme, textAlign, textTransform, top, typography, typographyVariant, unstable_createCssVarsProvider, unstable_createCssVarsTheme, unstable_createGetCssVar, unstable_createStyleFunctionSx, unstable_cssVarsParser, unstable_defaultSxConfig, unstable_extendSxProp, unstable_getThemeValue, unstable_prepareCssVars, unstable_resolveBreakpointValues, unstable_styleFunctionSx, useTheme, useThemeProps, useThemeWithoutDefault, width, zIndex)

ERROR in [eslint] 
src/components/Decks/Saynetes/SayneteDeckCard.jsx
  Line 50:22:  'css' is not defined  no-undef

Search for the keywords to learn more about each error.

webpack compiled with 2 errors and 1 warning
Compiling...
Failed to compile.

[eslint] 
src/components/Decks/Saynetes/SayneteDeckCard.jsx
  Line 50:22:  'css' is not defined  no-undef

Search for the keywords to learn more about each error.
WARNING in [eslint] 
src/components/Decks/Saynetes/SayneteDeckCard.jsx
  Line 1:17:   'useState' is defined but never used                  no-unused-vars
  Line 12:12:  'phrase' is assigned a value but never used           no-unused-vars
  Line 23:11:  'blue' is assigned a value but never used             no-unused-vars
  Line 49:11:  'StyledPopperDiv' is assigned a value but never used  no-unused-vars

ERROR in [eslint] 
src/components/Decks/Saynetes/SayneteDeckCard.jsx
  Line 50:22:  'css' is not defined  no-undef

Search for the keywords to learn more about each error.

webpack compiled with 1 error and 1 warning
Compiling...
Failed to compile.

[eslint] 
src/components/Decks/Saynetes/SayneteDeckCard.jsx
  Line 50:22:  'css' is not defined  no-undef

Search for the keywords to learn more about each error.
WARNING in [eslint] 
src/components/Decks/Saynetes/SayneteDeckCard.jsx
  Line 1:17:   'useState' is defined but never used                  no-unused-vars
  Line 12:12:  'phrase' is assigned a value but never used           no-unused-vars
  Line 23:11:  'blue' is assigned a value but never used             no-unused-vars
  Line 49:11:  'StyledPopperDiv' is assigned a value but never used  no-unused-vars

ERROR in [eslint] 
src/components/Decks/Saynetes/SayneteDeckCard.jsx
  Line 50:22:  'css' is not defined  no-undef

Search for the keywords to learn more about each error.

webpack compiled with 1 error and 1 warning
Compiling...
Compiled with warnings.

[eslint] 
src/components/Decks/Saynetes/SayneteDeckCard.jsx
  Line 1:17:   'useState' is defined but never used                  no-unused-vars
  Line 12:12:  'phrase' is assigned a value but never used           no-unused-vars
  Line 23:11:  'blue' is assigned a value but never used             no-unused-vars
  Line 49:11:  'StyledPopperDiv' is assigned a value but never used  no-unused-vars

Search for the keywords to learn more about each warning.
To ignore, add // eslint-disable-next-line to the line before.

WARNING in [eslint] 
src/components/Decks/Saynetes/SayneteDeckCard.jsx
  Line 1:17:   'useState' is defined but never used                  no-unused-vars
  Line 12:12:  'phrase' is assigned a value but never used           no-unused-vars
  Line 23:11:  'blue' is assigned a value but never used             no-unused-vars
  Line 49:11:  'StyledPopperDiv' is assigned a value but never used  no-unused-vars

webpack compiled with 1 warning
Compiling...
Compiled with warnings.

[eslint] 
src/components/Decks/Saynetes/SayneteDeckCard.jsx
  Line 1:17:   'useState' is defined but never used         no-unused-vars
  Line 12:12:  'phrase' is assigned a value but never used  no-unused-vars
  Line 23:11:  'blue' is assigned a value but never used    no-unused-vars

Search for the keywords to learn more about each warning.
To ignore, add // eslint-disable-next-line to the line before.

WARNING in [eslint] 
src/components/Decks/Saynetes/SayneteDeckCard.jsx
  Line 1:17:   'useState' is defined but never used         no-unused-vars
  Line 12:12:  'phrase' is assigned a value but never used  no-unused-vars
  Line 23:11:  'blue' is assigned a value but never used    no-unused-vars

webpack compiled with 1 warning
Compiling...
Compiled with warnings.

[eslint] 
src/components/Decks/Saynetes/SayneteDeckCard.jsx
  Line 1:17:   'useState' is defined but never used         no-unused-vars
  Line 12:12:  'phrase' is assigned a value but never used  no-unused-vars
  Line 23:11:  'blue' is assigned a value but never used    no-unused-vars

Search for the keywords to learn more about each warning.
To ignore, add // eslint-disable-next-line to the line before.

WARNING in [eslint] 
src/components/Decks/Saynetes/SayneteDeckCard.jsx
  Line 1:17:   'useState' is defined but never used         no-unused-vars
  Line 12:12:  'phrase' is assigned a value but never used  no-unused-vars
  Line 23:11:  'blue' is assigned a value but never used    no-unused-vars

webpack compiled with 1 warning
Compiling...
Compiled with warnings.

[eslint] 
src/components/Decks/Saynetes/SayneteDeckCard.jsx
  Line 1:17:   'useState' is defined but never used           no-unused-vars
  Line 12:12:  'phrase' is assigned a value but never used    no-unused-vars
  Line 23:11:  'blue' is assigned a value but never used      no-unused-vars
  Line 67:11:  'interpol' is assigned a value but never used  no-unused-vars

Search for the keywords to learn more about each warning.
To ignore, add // eslint-disable-next-line to the line before.

WARNING in [eslint] 
src/components/Decks/Saynetes/SayneteDeckCard.jsx
  Line 1:17:   'useState' is defined but never used           no-unused-vars
  Line 12:12:  'phrase' is assigned a value but never used    no-unused-vars
  Line 23:11:  'blue' is assigned a value but never used      no-unused-vars
  Line 67:11:  'interpol' is assigned a value but never used  no-unused-vars

webpack compiled with 1 warning
Compiling...
Compiled with warnings.

[eslint] 
src/components/Decks/Saynetes/SayneteDeckCard.jsx
  Line 1:17:   'useState' is defined but never used               no-unused-vars
  Line 12:12:  'phrase' is assigned a value but never used        no-unused-vars
  Line 23:11:  'blue' is assigned a value but never used          no-unused-vars
  Line 66:9:   'thisIsMyCopy' is assigned a value but never used  no-unused-vars

Search for the keywords to learn more about each warning.
To ignore, add // eslint-disable-next-line to the line before.

WARNING in [eslint] 
src/components/Decks/Saynetes/SayneteDeckCard.jsx
  Line 1:17:   'useState' is defined but never used               no-unused-vars
  Line 12:12:  'phrase' is assigned a value but never used        no-unused-vars
  Line 23:11:  'blue' is assigned a value but never used          no-unused-vars
  Line 66:9:   'thisIsMyCopy' is assigned a value but never used  no-unused-vars

webpack compiled with 1 warning
Compiling...
Compiled with warnings.

[eslint] 
src/components/Decks/Saynetes/SayneteDeckCard.jsx
  Line 1:17:   'useState' is defined but never used               no-unused-vars
  Line 12:12:  'phrase' is assigned a value but never used        no-unused-vars
  Line 23:11:  'blue' is assigned a value but never used          no-unused-vars
  Line 66:9:   'thisIsMyCopy' is assigned a value but never used  no-unused-vars

Search for the keywords to learn more about each warning.
To ignore, add // eslint-disable-next-line to the line before.

WARNING in [eslint] 
src/components/Decks/Saynetes/SayneteDeckCard.jsx
  Line 1:17:   'useState' is defined but never used               no-unused-vars
  Line 12:12:  'phrase' is assigned a value but never used        no-unused-vars
  Line 23:11:  'blue' is assigned a value but never used          no-unused-vars
  Line 66:9:   'thisIsMyCopy' is assigned a value but never used  no-unused-vars

webpack compiled with 1 warning
Compiling...
Compiled with warnings.

[eslint] 
src/components/Decks/Saynetes/SayneteDeckCard.jsx
  Line 1:17:   'useState' is defined but never used               no-unused-vars
  Line 12:12:  'phrase' is assigned a value but never used        no-unused-vars
  Line 23:11:  'blue' is assigned a value but never used          no-unused-vars
  Line 66:9:   'thisIsMyCopy' is assigned a value but never used  no-unused-vars

Search for the keywords to learn more about each warning.
To ignore, add // eslint-disable-next-line to the line before.

WARNING in [eslint] 
src/components/Decks/Saynetes/SayneteDeckCard.jsx
  Line 1:17:   'useState' is defined but never used               no-unused-vars
  Line 12:12:  'phrase' is assigned a value but never used        no-unused-vars
  Line 23:11:  'blue' is assigned a value but never used          no-unused-vars
  Line 66:9:   'thisIsMyCopy' is assigned a value but never used  no-unused-vars

webpack compiled with 1 warning
Compiling...
Compiled with warnings.

[eslint] 
src/components/Decks/Saynetes/SayneteDeckCard.jsx
  Line 1:17:   'useState' is defined but never used               no-unused-vars
  Line 12:12:  'phrase' is assigned a value but never used        no-unused-vars
  Line 23:11:  'blue' is assigned a value but never used          no-unused-vars
  Line 66:9:   'thisIsMyCopy' is assigned a value but never used  no-unused-vars

Search for the keywords to learn more about each warning.
To ignore, add // eslint-disable-next-line to the line before.

WARNING in [eslint] 
src/components/Decks/Saynetes/SayneteDeckCard.jsx
  Line 1:17:   'useState' is defined but never used               no-unused-vars
  Line 12:12:  'phrase' is assigned a value but never used        no-unused-vars
  Line 23:11:  'blue' is assigned a value but never used          no-unused-vars
  Line 66:9:   'thisIsMyCopy' is assigned a value but never used  no-unused-vars

webpack compiled with 1 warning
Compiling...
Compiled with warnings.

[eslint] 
src/components/Decks/Saynetes/SayneteDeckCard.jsx
  Line 1:17:   'useState' is defined but never used               no-unused-vars
  Line 12:12:  'phrase' is assigned a value but never used        no-unused-vars
  Line 23:11:  'blue' is assigned a value but never used          no-unused-vars
  Line 66:9:   'thisIsMyCopy' is assigned a value but never used  no-unused-vars

Search for the keywords to learn more about each warning.
To ignore, add // eslint-disable-next-line to the line before.

WARNING in [eslint] 
src/components/Decks/Saynetes/SayneteDeckCard.jsx
  Line 1:17:   'useState' is defined but never used               no-unused-vars
  Line 12:12:  'phrase' is assigned a value but never used        no-unused-vars
  Line 23:11:  'blue' is assigned a value but never used          no-unused-vars
  Line 66:9:   'thisIsMyCopy' is assigned a value but never used  no-unused-vars

webpack compiled with 1 warning
Compiling...
Compiled with warnings.

[eslint] 
src/components/Decks/Saynetes/SayneteDeckCard.jsx
  Line 1:17:   'useState' is defined but never used               no-unused-vars
  Line 12:12:  'phrase' is assigned a value but never used        no-unused-vars
  Line 23:11:  'blue' is assigned a value but never used          no-unused-vars
  Line 66:9:   'thisIsMyCopy' is assigned a value but never used  no-unused-vars

Search for the keywords to learn more about each warning.
To ignore, add // eslint-disable-next-line to the line before.

WARNING in [eslint] 
src/components/Decks/Saynetes/SayneteDeckCard.jsx
  Line 1:17:   'useState' is defined but never used               no-unused-vars
  Line 12:12:  'phrase' is assigned a value but never used        no-unused-vars
  Line 23:11:  'blue' is assigned a value but never used          no-unused-vars
  Line 66:9:   'thisIsMyCopy' is assigned a value but never used  no-unused-vars

webpack compiled with 1 warning
Compiling...
Compiled with warnings.

[eslint] 
src/components/Decks/Saynetes/SayneteDeckCard.jsx
  Line 1:17:   'useState' is defined but never used               no-unused-vars
  Line 12:12:  'phrase' is assigned a value but never used        no-unused-vars
  Line 23:11:  'blue' is assigned a value but never used          no-unused-vars
  Line 66:9:   'thisIsMyCopy' is assigned a value but never used  no-unused-vars

Search for the keywords to learn more about each warning.
To ignore, add // eslint-disable-next-line to the line before.

WARNING in [eslint] 
src/components/Decks/Saynetes/SayneteDeckCard.jsx
  Line 1:17:   'useState' is defined but never used               no-unused-vars
  Line 12:12:  'phrase' is assigned a value but never used        no-unused-vars
  Line 23:11:  'blue' is assigned a value but never used          no-unused-vars
  Line 66:9:   'thisIsMyCopy' is assigned a value but never used  no-unused-vars

webpack compiled with 1 warning
Compiling...
Failed to compile.

[eslint] 
src/components/Decks/Saynetes/SayneteDeckCard.jsx
  Line 76:63:  'uid' is not defined  no-undef

Search for the keywords to learn more about each error.
WARNING in [eslint] 
src/components/Decks/Saynetes/SayneteDeckCard.jsx
  Line 1:17:   'useState' is defined but never used               no-unused-vars
  Line 12:12:  'phrase' is assigned a value but never used        no-unused-vars
  Line 23:11:  'blue' is assigned a value but never used          no-unused-vars
  Line 66:9:   'thisIsMyCopy' is assigned a value but never used  no-unused-vars

ERROR in [eslint] 
src/components/Decks/Saynetes/SayneteDeckCard.jsx
  Line 76:63:  'uid' is not defined  no-undef

Search for the keywords to learn more about each error.

webpack compiled with 1 error and 1 warning
Compiling...
Failed to compile.

[eslint] 
src/components/Decks/Saynetes/SayneteDeckCard.jsx
  Line 76:62:  'uid' is not defined  no-undef

Search for the keywords to learn more about each error.
WARNING in [eslint] 
src/components/Decks/Saynetes/SayneteDeckCard.jsx
  Line 1:17:   'useState' is defined but never used               no-unused-vars
  Line 12:12:  'phrase' is assigned a value but never used        no-unused-vars
  Line 23:11:  'blue' is assigned a value but never used          no-unused-vars
  Line 66:9:   'thisIsMyCopy' is assigned a value but never used  no-unused-vars

ERROR in [eslint] 
src/components/Decks/Saynetes/SayneteDeckCard.jsx
  Line 76:62:  'uid' is not defined  no-undef

Search for the keywords to learn more about each error.

webpack compiled with 1 error and 1 warning
Compiling...
Compiled with warnings.

[eslint] 
src/components/Decks/Saynetes/SayneteDeckCard.jsx
  Line 1:17:   'useState' is defined but never used               no-unused-vars
  Line 12:12:  'phrase' is assigned a value but never used        no-unused-vars
  Line 23:11:  'blue' is assigned a value but never used          no-unused-vars
  Line 66:9:   'thisIsMyCopy' is assigned a value but never used  no-unused-vars

Search for the keywords to learn more about each warning.
To ignore, add // eslint-disable-next-line to the line before.

WARNING in [eslint] 
src/components/Decks/Saynetes/SayneteDeckCard.jsx
  Line 1:17:   'useState' is defined but never used               no-unused-vars
  Line 12:12:  'phrase' is assigned a value but never used        no-unused-vars
  Line 23:11:  'blue' is assigned a value but never used          no-unused-vars
  Line 66:9:   'thisIsMyCopy' is assigned a value but never used  no-unused-vars

webpack compiled with 1 warning
Compiling...
Compiled with warnings.

[eslint] 
src/components/Decks/Saynetes/SayneteDeckCard.jsx
  Line 1:17:   'useState' is defined but never used               no-unused-vars
  Line 12:12:  'phrase' is assigned a value but never used        no-unused-vars
  Line 23:11:  'blue' is assigned a value but never used          no-unused-vars
  Line 66:9:   'thisIsMyCopy' is assigned a value but never used  no-unused-vars

Search for the keywords to learn more about each warning.
To ignore, add // eslint-disable-next-line to the line before.

WARNING in [eslint] 
src/components/Decks/Saynetes/SayneteDeckCard.jsx
  Line 1:17:   'useState' is defined but never used               no-unused-vars
  Line 12:12:  'phrase' is assigned a value but never used        no-unused-vars
  Line 23:11:  'blue' is assigned a value but never used          no-unused-vars
  Line 66:9:   'thisIsMyCopy' is assigned a value but never used  no-unused-vars

webpack compiled with 1 warning
Compiling...
Compiled with warnings.

[eslint] 
src/components/Decks/Saynetes/SayneteDeckCard.jsx
  Line 1:17:   'useState' is defined but never used               no-unused-vars
  Line 12:12:  'phrase' is assigned a value but never used        no-unused-vars
  Line 23:11:  'blue' is assigned a value but never used          no-unused-vars
  Line 66:9:   'thisIsMyCopy' is assigned a value but never used  no-unused-vars

Search for the keywords to learn more about each warning.
To ignore, add // eslint-disable-next-line to the line before.

WARNING in [eslint] 
src/components/Decks/Saynetes/SayneteDeckCard.jsx
  Line 1:17:   'useState' is defined but never used               no-unused-vars
  Line 12:12:  'phrase' is assigned a value but never used        no-unused-vars
  Line 23:11:  'blue' is assigned a value but never used          no-unused-vars
  Line 66:9:   'thisIsMyCopy' is assigned a value but never used  no-unused-vars

webpack compiled with 1 warning
Compiling...
Compiled with warnings.

[eslint] 
src/components/Decks/Saynetes/SayneteDeckCard.jsx
  Line 1:17:   'useState' is defined but never used               no-unused-vars
  Line 12:12:  'phrase' is assigned a value but never used        no-unused-vars
  Line 23:11:  'blue' is assigned a value but never used          no-unused-vars
  Line 66:9:   'thisIsMyCopy' is assigned a value but never used  no-unused-vars

Search for the keywords to learn more about each warning.
To ignore, add // eslint-disable-next-line to the line before.

WARNING in [eslint] 
src/components/Decks/Saynetes/SayneteDeckCard.jsx
  Line 1:17:   'useState' is defined but never used               no-unused-vars
  Line 12:12:  'phrase' is assigned a value but never used        no-unused-vars
  Line 23:11:  'blue' is assigned a value but never used          no-unused-vars
  Line 66:9:   'thisIsMyCopy' is assigned a value but never used  no-unused-vars

webpack compiled with 1 warning
Compiling...
Compiled with warnings.

[eslint] 
src/components/Decks/Saynetes/SayneteDeckCard.jsx
  Line 1:17:   'useState' is defined but never used               no-unused-vars
  Line 12:12:  'phrase' is assigned a value but never used        no-unused-vars
  Line 23:11:  'blue' is assigned a value but never used          no-unused-vars
  Line 66:9:   'thisIsMyCopy' is assigned a value but never used  no-unused-vars

Search for the keywords to learn more about each warning.
To ignore, add // eslint-disable-next-line to the line before.

WARNING in [eslint] 
src/components/Decks/Saynetes/SayneteDeckCard.jsx
  Line 1:17:   'useState' is defined but never used               no-unused-vars
  Line 12:12:  'phrase' is assigned a value but never used        no-unused-vars
  Line 23:11:  'blue' is assigned a value but never used          no-unused-vars
  Line 66:9:   'thisIsMyCopy' is assigned a value but never used  no-unused-vars

webpack compiled with 1 warning
Compiling...
Compiled with warnings.

[eslint] 
src/components/Decks/Saynetes/SayneteDeckCard.jsx
  Line 1:17:   'useState' is defined but never used               no-unused-vars
  Line 12:12:  'phrase' is assigned a value but never used        no-unused-vars
  Line 23:11:  'blue' is assigned a value but never used          no-unused-vars
  Line 66:9:   'thisIsMyCopy' is assigned a value but never used  no-unused-vars

Search for the keywords to learn more about each warning.
To ignore, add // eslint-disable-next-line to the line before.

WARNING in [eslint] 
src/components/Decks/Saynetes/SayneteDeckCard.jsx
  Line 1:17:   'useState' is defined but never used               no-unused-vars
  Line 12:12:  'phrase' is assigned a value but never used        no-unused-vars
  Line 23:11:  'blue' is assigned a value but never used          no-unused-vars
  Line 66:9:   'thisIsMyCopy' is assigned a value but never used  no-unused-vars

webpack compiled with 1 warning
Compiling...
Compiled with warnings.

[eslint] 
src/components/Decks/Saynetes/SayneteDeckCard.jsx
  Line 1:17:   'useState' is defined but never used               no-unused-vars
  Line 12:12:  'phrase' is assigned a value but never used        no-unused-vars
  Line 23:11:  'blue' is assigned a value but never used          no-unused-vars
  Line 66:9:   'thisIsMyCopy' is assigned a value but never used  no-unused-vars

Search for the keywords to learn more about each warning.
To ignore, add // eslint-disable-next-line to the line before.

WARNING in [eslint] 
src/components/Decks/Saynetes/SayneteDeckCard.jsx
  Line 1:17:   'useState' is defined but never used               no-unused-vars
  Line 12:12:  'phrase' is assigned a value but never used        no-unused-vars
  Line 23:11:  'blue' is assigned a value but never used          no-unused-vars
  Line 66:9:   'thisIsMyCopy' is assigned a value but never used  no-unused-vars

webpack compiled with 1 warning
