nohup: ignoring input
(node:7014) [DEP_WEBPACK_DEV_SERVER_ON_AFTER_SETUP_MIDDLEWARE] DeprecationWarning: 'onAfterSetupMiddleware' option is deprecated. Please use the 'setupMiddlewares' option.
(Use `node --trace-deprecation ...` to show where the warning was created)
(node:7014) [DEP_WEBPACK_DEV_SERVER_ON_BEFORE_SETUP_MIDDLEWARE] DeprecationWarning: 'onBeforeSetupMiddleware' option is deprecated. Please use the 'setupMiddlewares' option.
URIError: Failed to decode param '//%PUBLIC_URL%/manifest.json'
    at decodeURIComponent (<anonymous>)
    at decode_param (/home/gre/projects/langdeck/venv/src/frontend/node_modules/express/lib/router/layer.js:172:12)
    at Layer.match (/home/gre/projects/langdeck/venv/src/frontend/node_modules/express/lib/router/layer.js:123:27)
    at matchLayer (/home/gre/projects/langdeck/venv/src/frontend/node_modules/express/lib/router/index.js:585:18)
    at next (/home/gre/projects/langdeck/venv/src/frontend/node_modules/express/lib/router/index.js:226:15)
    at expressInit (/home/gre/projects/langdeck/venv/src/frontend/node_modules/express/lib/middleware/init.js:40:5)
    at Layer.handle [as handle_request] (/home/gre/projects/langdeck/venv/src/frontend/node_modules/express/lib/router/layer.js:95:5)
    at trim_prefix (/home/gre/projects/langdeck/venv/src/frontend/node_modules/express/lib/router/index.js:328:13)
    at /home/gre/projects/langdeck/venv/src/frontend/node_modules/express/lib/router/index.js:286:9
    at Function.process_params (/home/gre/projects/langdeck/venv/src/frontend/node_modules/express/lib/router/index.js:346:12)
    at next (/home/gre/projects/langdeck/venv/src/frontend/node_modules/express/lib/router/index.js:280:10)
    at query (/home/gre/projects/langdeck/venv/src/frontend/node_modules/express/lib/middleware/query.js:45:5)
    at Layer.handle [as handle_request] (/home/gre/projects/langdeck/venv/src/frontend/node_modules/express/lib/router/layer.js:95:5)
    at trim_prefix (/home/gre/projects/langdeck/venv/src/frontend/node_modules/express/lib/router/index.js:328:13)
    at /home/gre/projects/langdeck/venv/src/frontend/node_modules/express/lib/router/index.js:286:9
    at Function.process_params (/home/gre/projects/langdeck/venv/src/frontend/node_modules/express/lib/router/index.js:346:12)
    at next (/home/gre/projects/langdeck/venv/src/frontend/node_modules/express/lib/router/index.js:280:10)
    at Function.handle (/home/gre/projects/langdeck/venv/src/frontend/node_modules/express/lib/router/index.js:175:3)
    at Function.handle (/home/gre/projects/langdeck/venv/src/frontend/node_modules/express/lib/application.js:181:10)
    at Server.app (/home/gre/projects/langdeck/venv/src/frontend/node_modules/express/lib/express.js:39:9)
    at Server.emit (node:events:511:28)
    at parserOnIncoming (node:_http_server:1121:12)
    at HTTPParser.parserOnHeadersComplete (node:_http_common:119:17)
URIError: Failed to decode param '//%PUBLIC_URL%/favicon.ico'
    at decodeURIComponent (<anonymous>)
    at decode_param (/home/gre/projects/langdeck/venv/src/frontend/node_modules/express/lib/router/layer.js:172:12)
    at Layer.match (/home/gre/projects/langdeck/venv/src/frontend/node_modules/express/lib/router/layer.js:123:27)
    at matchLayer (/home/gre/projects/langdeck/venv/src/frontend/node_modules/express/lib/router/index.js:585:18)
    at next (/home/gre/projects/langdeck/venv/src/frontend/node_modules/express/lib/router/index.js:226:15)
    at expressInit (/home/gre/projects/langdeck/venv/src/frontend/node_modules/express/lib/middleware/init.js:40:5)
    at Layer.handle [as handle_request] (/home/gre/projects/langdeck/venv/src/frontend/node_modules/express/lib/router/layer.js:95:5)
    at trim_prefix (/home/gre/projects/langdeck/venv/src/frontend/node_modules/express/lib/router/index.js:328:13)
    at /home/gre/projects/langdeck/venv/src/frontend/node_modules/express/lib/router/index.js:286:9
    at Function.process_params (/home/gre/projects/langdeck/venv/src/frontend/node_modules/express/lib/router/index.js:346:12)
    at next (/home/gre/projects/langdeck/venv/src/frontend/node_modules/express/lib/router/index.js:280:10)
    at query (/home/gre/projects/langdeck/venv/src/frontend/node_modules/express/lib/middleware/query.js:45:5)
    at Layer.handle [as handle_request] (/home/gre/projects/langdeck/venv/src/frontend/node_modules/express/lib/router/layer.js:95:5)
    at trim_prefix (/home/gre/projects/langdeck/venv/src/frontend/node_modules/express/lib/router/index.js:328:13)
    at /home/gre/projects/langdeck/venv/src/frontend/node_modules/express/lib/router/index.js:286:9
    at Function.process_params (/home/gre/projects/langdeck/venv/src/frontend/node_modules/express/lib/router/index.js:346:12)
    at next (/home/gre/projects/langdeck/venv/src/frontend/node_modules/express/lib/router/index.js:280:10)
    at Function.handle (/home/gre/projects/langdeck/venv/src/frontend/node_modules/express/lib/router/index.js:175:3)
    at Function.handle (/home/gre/projects/langdeck/venv/src/frontend/node_modules/express/lib/application.js:181:10)
    at Server.app (/home/gre/projects/langdeck/venv/src/frontend/node_modules/express/lib/express.js:39:9)
    at Server.emit (node:events:511:28)
    at parserOnIncoming (node:_http_server:1121:12)
    at HTTPParser.parserOnHeadersComplete (node:_http_common:119:17)
URIError: Failed to decode param '//%PUBLIC_URL%/logo192.png'
    at decodeURIComponent (<anonymous>)
    at decode_param (/home/gre/projects/langdeck/venv/src/frontend/node_modules/express/lib/router/layer.js:172:12)
    at Layer.match (/home/gre/projects/langdeck/venv/src/frontend/node_modules/express/lib/router/layer.js:123:27)
    at matchLayer (/home/gre/projects/langdeck/venv/src/frontend/node_modules/express/lib/router/index.js:585:18)
    at next (/home/gre/projects/langdeck/venv/src/frontend/node_modules/express/lib/router/index.js:226:15)
    at expressInit (/home/gre/projects/langdeck/venv/src/frontend/node_modules/express/lib/middleware/init.js:40:5)
    at Layer.handle [as handle_request] (/home/gre/projects/langdeck/venv/src/frontend/node_modules/express/lib/router/layer.js:95:5)
    at trim_prefix (/home/gre/projects/langdeck/venv/src/frontend/node_modules/express/lib/router/index.js:328:13)
    at /home/gre/projects/langdeck/venv/src/frontend/node_modules/express/lib/router/index.js:286:9
    at Function.process_params (/home/gre/projects/langdeck/venv/src/frontend/node_modules/express/lib/router/index.js:346:12)
    at next (/home/gre/projects/langdeck/venv/src/frontend/node_modules/express/lib/router/index.js:280:10)
    at query (/home/gre/projects/langdeck/venv/src/frontend/node_modules/express/lib/middleware/query.js:45:5)
    at Layer.handle [as handle_request] (/home/gre/projects/langdeck/venv/src/frontend/node_modules/express/lib/router/layer.js:95:5)
    at trim_prefix (/home/gre/projects/langdeck/venv/src/frontend/node_modules/express/lib/router/index.js:328:13)
    at /home/gre/projects/langdeck/venv/src/frontend/node_modules/express/lib/router/index.js:286:9
    at Function.process_params (/home/gre/projects/langdeck/venv/src/frontend/node_modules/express/lib/router/index.js:346:12)
    at next (/home/gre/projects/langdeck/venv/src/frontend/node_modules/express/lib/router/index.js:280:10)
    at Function.handle (/home/gre/projects/langdeck/venv/src/frontend/node_modules/express/lib/router/index.js:175:3)
    at Function.handle (/home/gre/projects/langdeck/venv/src/frontend/node_modules/express/lib/application.js:181:10)
    at Server.app (/home/gre/projects/langdeck/venv/src/frontend/node_modules/express/lib/express.js:39:9)
    at Server.emit (node:events:511:28)
    at parserOnIncoming (node:_http_server:1121:12)
    at HTTPParser.parserOnHeadersComplete (node:_http_common:119:17)
